#
# There is insufficient memory for the Java Runtime Environment to continue.
# Native memory allocation (mmap) failed to map 257949696 bytes for G1 virtual space
# Possible reasons:
#   The system is out of physical RAM or swap space
#   The process is running with CompressedOops enabled, and the Java Heap may be blocking the growth of the native heap
# Possible solutions:
#   Reduce memory load on the system
#   Increase physical memory or swap space
#   Check if swap backing store is full
#   Decrease Java heap size (-Xmx/-Xms)
#   Decrease number of Java threads
#   Decrease Java thread stack sizes (-Xss)
#   Set larger code cache with -XX:ReservedCodeCacheSize=
#   JVM is running with Zero Based Compressed Oops mode in which the Java heap is
#     placed in the first 32GB address space. The Java Heap base address is the
#     maximum limit for the native heap growth. Please use -XX:HeapBaseMinAddress
#     to set the Java Heap base and to place the Java Heap above 32GB virtual address.
# This output file may be truncated or incomplete.
#
#  Out of Memory Error (os_windows.cpp:3528), pid=26480, tid=16380
#
# JRE version:  (20.0+36) (build )
# Java VM: Java HotSpot(TM) 64-Bit Server VM (20+36-2344, mixed mode, sharing, tiered, compressed oops, compressed class ptrs, g1 gc, windows-amd64)
# No core dump will be written. Minidumps are not enabled by default on client versions of Windows
#

---------------  S U M M A R Y ------------

Command Line: -Dfile.encoding=UTF-8 -Dstdout.encoding=UTF-8 -Dstderr.encoding=UTF-8 --module-path=C:\mysql-connector-j-8.3.0\mysql-connector-j-8.3.0.jar -XX:+ShowCodeDetailsInExceptionMessages travelinformation.ViewCustomer

Host: AMD Ryzen 5 5625U with Radeon Graphics         , 12 cores, 15G,  Windows 11 , 64 bit Build 22621 (10.0.22621.2506)
Time: Tue Feb 13 00:42:34 2024 India Standard Time elapsed time: 0.016285 seconds (0d 0h 0m 0s)

---------------  T H R E A D  ---------------

Current thread (0x000002bd194cdc20):  JavaThread "Unknown thread" [_thread_in_vm, id=16380, stack(0x000000e7f1100000,0x000000e7f1200000)]

Stack: [0x000000e7f1100000,0x000000e7f1200000]
Native frames: (J=compiled Java code, j=interpreted, Vv=VM code, C=native code)
V  [jvm.dll+0x6bb95a]
V  [jvm.dll+0x8483aa]
V  [jvm.dll+0x849fa5]
V  [jvm.dll+0x84a6a3]
V  [jvm.dll+0x280b0f]
V  [jvm.dll+0x6b86e9]
V  [jvm.dll+0x6ad2da]
V  [jvm.dll+0x35adf5]
V  [jvm.dll+0x363016]
V  [jvm.dll+0x3b3b3e]
V  [jvm.dll+0x3b3dc5]
V  [jvm.dll+0x32b50a]
V  [jvm.dll+0x32c32b]
V  [jvm.dll+0x81106f]
V  [jvm.dll+0x3c0d91]
V  [jvm.dll+0x7fcd93]
V  [jvm.dll+0x44c76f]
V  [jvm.dll+0x44e0e1]
C  [jli.dll+0x5287]
C  [ucrtbase.dll+0x29363]
C  [KERNEL32.DLL+0x1257d]
C  [ntdll.dll+0x5aa58]


---------------  P R O C E S S  ---------------

Threads class SMR info:
_java_thread_list=0x00007ffb191ea098, length=0, elements={
}

Java Threads: ( => current thread )

Other Threads:
  0x000002bd1953c500 WorkerThread "GC Thread#0" [stack: 0x000000e7f1200000,0x000000e7f1300000] [id=1164]
  0x000002bd1954cb70 ConcurrentGCThread "G1 Main Marker" [stack: 0x000000e7f1300000,0x000000e7f1400000] [id=13292]
  0x000002bd1954dd40 WorkerThread "G1 Conc#0" [stack: 0x000000e7f1400000,0x000000e7f1500000] [id=23572]

[error occurred during error reporting (printing all threads), id 0xc0000005, EXCEPTION_ACCESS_VIOLATION (0xc0000005) at pc=0x00007ffb189ceb47]
VM state: not at safepoint (not fully initialized)

VM Mutex/Monitor currently owned by a thread:  ([mutex/lock_event])
[0x000002bd194c9900] Heap_lock - owner thread: 0x000002bd194cdc20

Heap address: 0x000000070a400000, size: 3932 MB, Compressed Oops mode: Zero based, Oop shift amount: 3

CDS archive(s) mapped at: [0x0000000000000000-0x0000000000000000-0x0000000000000000), size 0, SharedBaseAddress: 0x0000000800000000, ArchiveRelocationMode: 0.
Narrow klass base: 0x0000000000000000, Narrow klass shift: 0, Narrow klass range: 0x0

GC Precious Log:
 CardTable entry size: 512
 Card Set container configuration: InlinePtr #cards 4 size 8 Array Of Cards #cards 16 size 48 Howl #buckets 8 coarsen threshold 3686 Howl Bitmap #cards 512 size 80 coarsen threshold 460 Card regions per heap region 1 cards per card region 4096

Heap:
 garbage-first heap   total 0K, used 0K [0x000000070a400000, 0x0000000800000000)
  region size 2048K, 0 young (0K), 0 survivors (0K)

[error occurred during error reporting (printing heap information), id 0xc0000005, EXCEPTION_ACCESS_VIOLATION (0xc0000005) at pc=0x00007ffb18da3c59]
GC Heap History (0 events):
No events

Dll operation events (1 events):
Event: 0.011 Loaded shared library C:\Program Files\Java\jdk-20\bin\java.dll

Deoptimization events (0 events):
No events

Classes loaded (0 events):
No events

Classes unloaded (0 events):
No events

Classes redefined (0 events):
No events

Internal exceptions (0 events):
No events

VM Operations (0 events):
No events

Events (0 events):
No events


Dynamic libraries:
0x00007ff7e3d70000 - 0x00007ff7e3d80000 	C:\Program Files\Java\jdk-20\bin\javaw.exe
0x00007ffb9cfb0000 - 0x00007ffb9d1c7000 	C:\WINDOWS\SYSTEM32\ntdll.dll
0x00007ffb9bf50000 - 0x00007ffb9c014000 	C:\WINDOWS\System32\KERNEL32.DLL
0x00007ffb9a4b0000 - 0x00007ffb9a856000 	C:\WINDOWS\System32\KERNELBASE.dll
0x00007ffb9a390000 - 0x00007ffb9a4a1000 	C:\WINDOWS\System32\ucrtbase.dll
0x00007ffb957d0000 - 0x00007ffb957e9000 	C:\Program Files\Java\jdk-20\bin\jli.dll
0x00007ffb9b530000 - 0x00007ffb9b5e3000 	C:\WINDOWS\System32\ADVAPI32.dll
0x00007ffb9c500000 - 0x00007ffb9c5a7000 	C:\WINDOWS\System32\msvcrt.dll
0x00007ffb9c5b0000 - 0x00007ffb9c658000 	C:\WINDOWS\System32\sechost.dll
0x00007ffb9acd0000 - 0x00007ffb9acf8000 	C:\WINDOWS\System32\bcrypt.dll
0x00007ffb9c660000 - 0x00007ffb9c777000 	C:\WINDOWS\System32\RPCRT4.dll
0x00007ffb9c920000 - 0x00007ffb9cace000 	C:\WINDOWS\System32\USER32.dll
0x00007ffb9a860000 - 0x00007ffb9a886000 	C:\WINDOWS\System32\win32u.dll
0x00007ffb9c1d0000 - 0x00007ffb9c1f9000 	C:\WINDOWS\System32\GDI32.dll
0x00007ffb9aa40000 - 0x00007ffb9ab58000 	C:\WINDOWS\System32\gdi32full.dll
0x00007ffb9a2f0000 - 0x00007ffb9a38a000 	C:\WINDOWS\System32\msvcp_win.dll
0x00007ffb88b40000 - 0x00007ffb88dd3000 	C:\WINDOWS\WinSxS\amd64_microsoft.windows.common-controls_6595b64144ccf1df_6.0.22621.2506_none_270c5ae97388e100\COMCTL32.dll
0x00007ffb95720000 - 0x00007ffb9573b000 	C:\Program Files\Java\jdk-20\bin\VCRUNTIME140.dll
0x00007ffb91580000 - 0x00007ffb9158a000 	C:\WINDOWS\SYSTEM32\VERSION.dll
0x00007ffb9afb0000 - 0x00007ffb9afe1000 	C:\WINDOWS\System32\IMM32.DLL
0x00007ffb97030000 - 0x00007ffb9703c000 	C:\Program Files\Java\jdk-20\bin\vcruntime140_1.dll
0x00007ffb549e0000 - 0x00007ffb54a6e000 	C:\Program Files\Java\jdk-20\bin\msvcp140.dll
0x00007ffb18690000 - 0x00007ffb19327000 	C:\Program Files\Java\jdk-20\bin\server\jvm.dll
0x00007ffb957c0000 - 0x00007ffb957c9000 	C:\WINDOWS\SYSTEM32\WSOCK32.dll
0x00007ffb91680000 - 0x00007ffb916b4000 	C:\WINDOWS\SYSTEM32\WINMM.dll
0x00007ffb9c300000 - 0x00007ffb9c371000 	C:\WINDOWS\System32\WS2_32.dll
0x00007ffb99320000 - 0x00007ffb99338000 	C:\WINDOWS\SYSTEM32\kernel.appcore.dll
0x00007ffb92480000 - 0x00007ffb9248a000 	C:\Program Files\Java\jdk-20\bin\jimage.dll
0x00007ffb8f700000 - 0x00007ffb8f933000 	C:\WINDOWS\SYSTEM32\DBGHELP.DLL
0x00007ffb9b000000 - 0x00007ffb9b389000 	C:\WINDOWS\System32\combase.dll
0x00007ffb9ad10000 - 0x00007ffb9ade7000 	C:\WINDOWS\System32\OLEAUT32.dll
0x00007ffb82b60000 - 0x00007ffb82b92000 	C:\WINDOWS\SYSTEM32\dbgcore.DLL
0x00007ffb9a890000 - 0x00007ffb9a90a000 	C:\WINDOWS\System32\bcryptPrimitives.dll
0x00007ffb8ac80000 - 0x00007ffb8aca6000 	C:\Program Files\Java\jdk-20\bin\java.dll

dbghelp: loaded successfully - version: 4.0.5 - missing functions: none
symbol engine: initialized successfully - sym options: 0x614 - pdb path: .;C:\Program Files\Java\jdk-20\bin;C:\WINDOWS\SYSTEM32;C:\WINDOWS\WinSxS\amd64_microsoft.windows.common-controls_6595b64144ccf1df_6.0.22621.2506_none_270c5ae97388e100;C:\Program Files\Java\jdk-20\bin\server

VM Arguments:
jvm_args: -Dfile.encoding=UTF-8 -Dstdout.encoding=UTF-8 -Dstderr.encoding=UTF-8 --module-path=C:\mysql-connector-j-8.3.0\mysql-connector-j-8.3.0.jar -XX:+ShowCodeDetailsInExceptionMessages 
java_command: travelinformation.ViewCustomer
java_class_path (initial): C:\Users\HI\eclipse-workspace\Travel Management\build\classes
Launcher Type: SUN_STANDARD

[Global flags]
     intx CICompilerCount                          = 4                                         {product} {ergonomic}
     uint ConcGCThreads                            = 3                                         {product} {ergonomic}
     uint G1ConcRefinementThreads                  = 10                                        {product} {ergonomic}
   size_t G1HeapRegionSize                         = 2097152                                   {product} {ergonomic}
    uintx GCDrainStackTargetSize                   = 64                                        {product} {ergonomic}
   size_t InitialHeapSize                          = 257949696                                 {product} {ergonomic}
   size_t MarkStackSize                            = 4194304                                   {product} {ergonomic}
   size_t MaxHeapSize                              = 4123000832                                {product} {ergonomic}
   size_t MinHeapDeltaBytes                        = 2097152                                   {product} {ergonomic}
   size_t MinHeapSize                              = 8388608                                   {product} {ergonomic}
    uintx NonNMethodCodeHeapSize                   = 5839372                                {pd product} {ergonomic}
    uintx NonProfiledCodeHeapSize                  = 122909434                              {pd product} {ergonomic}
    uintx ProfiledCodeHeapSize                     = 122909434                              {pd product} {ergonomic}
    uintx ReservedCodeCacheSize                    = 251658240                              {pd product} {ergonomic}
     bool SegmentedCodeCache                       = true                                      {product} {ergonomic}
     bool ShowCodeDetailsInExceptionMessages       = true                                   {manageable} {command line}
   size_t SoftMaxHeapSize                          = 4123000832                             {manageable} {ergonomic}
     bool UseCompressedClassPointers               = true                           {product lp64_product} {ergonomic}
     bool UseCompressedOops                        = true                           {product lp64_product} {ergonomic}
     bool UseG1GC                                  = true                                      {product} {ergonomic}
     bool UseLargePagesIndividualAllocation        = false                                  {pd product} {ergonomic}

Logging:
Log output configuration:
 #0: stdout all=warning uptime,level,tags foldmultilines=false
 #1: stderr all=off uptime,level,tags foldmultilines=false

Environment Variables:
PATH=C:\Program Files\Common Files\Oracle\Java\javapath;C:\WINDOWS\system32;C:\WINDOWS;C:\WINDOWS\System32\Wbem;C:\WINDOWS\System32\WindowsPowerShell\v1.0\;C:\WINDOWS\System32\OpenSSH\;C:\Program Files\dotnet\;C:\Program Files\MongoDB\mongosh-1.10.2-win32-x64\bin;C:\Program Files\Git\cmd;C:\Program Files\nodejs\;C:\Program Files\MySQL\MySQL Server 8.0\bin;C:\Program Files\MySQL\MySQL Shell 8.0\bin\;C:\Users\HI\AppData\Local\Programs\Python\Python311\Scripts\;C:\Users\HI\AppData\Local\Programs\Python\Python311\;C:\Users\HI\AppData\Local\Microsoft\WindowsApps;;C:\Users\HI\AppData\Local\Programs\Microsoft VS Code\bin;C:\Users\HI\AppData\Roaming\npm
USERNAME=HI
OS=Windows_NT
PROCESSOR_IDENTIFIER=AMD64 Family 25 Model 80 Stepping 0, AuthenticAMD
TMP=C:\Users\HI\AppData\Local\Temp
TEMP=C:\Users\HI\AppData\Local\Temp




---------------  S Y S T E M  ---------------

OS:
 Windows 11 , 64 bit Build 22621 (10.0.22621.2506)
OS uptime: 12 days 2:35 hours
Hyper-V role detected

CPU: total 12 (initial active 12) (12 cores per cpu, 2 threads per core) family 25 model 80 stepping 0 microcode 0x0, cx8, cmov, fxsr, ht, mmx, 3dnowpref, sse, sse2, sse3, ssse3, sse4a, sse4.1, sse4.2, popcnt, lzcnt, tsc, tscinvbit, avx, avx2, aes, erms, clmul, bmi1, bmi2, adx, sha, fma, vzeroupper, clflush, clflushopt, hv, rdtscp, rdpid, fsrm, f16c, cet_ss

Memory: 4k page, system-wide physical 15720M (5631M free)
TotalPageFile size 25165M (AvailPageFile size 144M)
current process WorkingSet (physical memory assigned to process): 11M, peak: 11M
current process commit charge ("private bytes"): 64M, peak: 310M

vm_info: Java HotSpot(TM) 64-Bit Server VM (20+36-2344) for windows-amd64 JRE (20+36-2344), built on 2023-02-10T19:30:15Z by "mach5one" with MS VC++ 17.1 (VS2022)

END.
